{"/Users/JP22423/git/my/auto-save-input/src/AutoSaveInput.ts": {"path":"/Users/JP22423/git/my/auto-save-input/src/AutoSaveInput.ts","statementMap":{"0":{"start":{"line":1,"column":0},"end":{"line":1,"column":41}},"1":{"start":{"line":2,"column":0},"end":{"line":2,"column":43}},"2":{"start":{"line":7,"column":0},"end":{"line":7,"column":null}},"3":{"start":{"line":23,"column":2},"end":{"line":23,"column":14}},"4":{"start":{"line":23,"column":31},"end":{"line":23,"column":null}},"5":{"start":{"line":9,"column":10},"end":{"line":9,"column":35}},"6":{"start":{"line":10,"column":10},"end":{"line":13,"column":17}},"7":{"start":{"line":14,"column":10},"end":{"line":14,"column":42}},"8":{"start":{"line":15,"column":10},"end":{"line":15,"column":56}},"9":{"start":{"line":51,"column":10},"end":{"line":57,"column":null}},"10":{"start":{"line":52,"column":4},"end":{"line":56,"column":null}},"11":{"start":{"line":53,"column":6},"end":{"line":53,"column":44}},"12":{"start":{"line":55,"column":6},"end":{"line":55,"column":37}},"13":{"start":{"line":63,"column":10},"end":{"line":78,"column":null}},"14":{"start":{"line":64,"column":20},"end":{"line":64,"column":32}},"15":{"start":{"line":65,"column":4},"end":{"line":70,"column":null}},"16":{"start":{"line":69,"column":6},"end":{"line":69,"column":13}},"17":{"start":{"line":71,"column":11},"end":{"line":71,"column":16}},"18":{"start":{"line":72,"column":4},"end":{"line":72,"column":23}},"19":{"start":{"line":73,"column":17},"end":{"line":73,"column":42}},"20":{"start":{"line":74,"column":4},"end":{"line":74,"column":22}},"21":{"start":{"line":74,"column":15},"end":{"line":74,"column":22}},"22":{"start":{"line":75,"column":11},"end":{"line":75,"column":19}},"23":{"start":{"line":75,"column":21},"end":{"line":75,"column":27}},"24":{"start":{"line":76,"column":4},"end":{"line":76,"column":26}},"25":{"start":{"line":76,"column":19},"end":{"line":76,"column":26}},"26":{"start":{"line":77,"column":4},"end":{"line":77,"column":55}},"27":{"start":{"line":24,"column":4},"end":{"line":24,"column":27}},"28":{"start":{"line":25,"column":4},"end":{"line":25,"column":61}},"29":{"start":{"line":26,"column":4},"end":{"line":26,"column":39}},"30":{"start":{"line":26,"column":32},"end":{"line":26,"column":39}},"31":{"start":{"line":27,"column":4},"end":{"line":29,"column":null}},"32":{"start":{"line":28,"column":6},"end":{"line":28,"column":55}},"33":{"start":{"line":30,"column":4},"end":{"line":33,"column":null}},"34":{"start":{"line":31,"column":6},"end":{"line":31,"column":47}},"35":{"start":{"line":32,"column":6},"end":{"line":32,"column":80}},"36":{"start":{"line":42,"column":10},"end":{"line":45,"column":null}},"37":{"start":{"line":43,"column":4},"end":{"line":43,"column":25}},"38":{"start":{"line":43,"column":18},"end":{"line":43,"column":25}},"39":{"start":{"line":44,"column":4},"end":{"line":44,"column":74}},"40":{"start":{"line":86,"column":10},"end":{"line":102,"column":null}},"41":{"start":{"line":87,"column":4},"end":{"line":87,"column":42}},"42":{"start":{"line":88,"column":4},"end":{"line":88,"column":25}},"43":{"start":{"line":88,"column":18},"end":{"line":88,"column":25}},"44":{"start":{"line":89,"column":17},"end":{"line":89,"column":42}},"45":{"start":{"line":90,"column":4},"end":{"line":90,"column":22}},"46":{"start":{"line":90,"column":15},"end":{"line":90,"column":22}},"47":{"start":{"line":91,"column":11},"end":{"line":91,"column":19}},"48":{"start":{"line":92,"column":4},"end":{"line":92,"column":26}},"49":{"start":{"line":92,"column":19},"end":{"line":92,"column":26}},"50":{"start":{"line":93,"column":19},"end":{"line":93,"column":54}},"51":{"start":{"line":94,"column":4},"end":{"line":101,"column":null}},"52":{"start":{"line":95,"column":6},"end":{"line":97,"column":null}},"53":{"start":{"line":96,"column":8},"end":{"line":96,"column":52}},"54":{"start":{"line":98,"column":6},"end":{"line":100,"column":null}},"55":{"start":{"line":99,"column":8},"end":{"line":99,"column":43}},"56":{"start":{"line":110,"column":9},"end":{"line":117,"column":null}},"57":{"start":{"line":110,"column":32},"end":{"line":110,"column":null}},"58":{"start":{"line":111,"column":4},"end":{"line":111,"column":26}},"59":{"start":{"line":111,"column":19},"end":{"line":111,"column":26}},"60":{"start":{"line":112,"column":29},"end":{"line":112,"column":68}},"61":{"start":{"line":113,"column":4},"end":{"line":113,"column":25}},"62":{"start":{"line":113,"column":18},"end":{"line":113,"column":25}},"63":{"start":{"line":114,"column":4},"end":{"line":114,"column":50}},"64":{"start":{"line":115,"column":4},"end":{"line":115,"column":26}},"65":{"start":{"line":116,"column":4},"end":{"line":116,"column":26}},"66":{"start":{"line":125,"column":9},"end":{"line":138,"column":null}},"67":{"start":{"line":126,"column":4},"end":{"line":126,"column":26}},"68":{"start":{"line":126,"column":19},"end":{"line":126,"column":26}},"69":{"start":{"line":128,"column":4},"end":{"line":132,"column":7}},"70":{"start":{"line":129,"column":6},"end":{"line":131,"column":null}},"71":{"start":{"line":130,"column":8},"end":{"line":130,"column":27}},"72":{"start":{"line":133,"column":4},"end":{"line":133,"column":75}},"73":{"start":{"line":134,"column":4},"end":{"line":134,"column":25}},"74":{"start":{"line":134,"column":18},"end":{"line":134,"column":25}},"75":{"start":{"line":135,"column":4},"end":{"line":135,"column":null}},"76":{"start":{"line":136,"column":4},"end":{"line":136,"column":30}},"77":{"start":{"line":137,"column":4},"end":{"line":137,"column":33}},"78":{"start":{"line":145,"column":10},"end":{"line":148,"column":null}},"79":{"start":{"line":146,"column":4},"end":{"line":146,"column":25}},"80":{"start":{"line":146,"column":18},"end":{"line":146,"column":25}},"81":{"start":{"line":147,"column":4},"end":{"line":147,"column":77}},"82":{"start":{"line":155,"column":10},"end":{"line":158,"column":null}},"83":{"start":{"line":156,"column":4},"end":{"line":156,"column":26}},"84":{"start":{"line":156,"column":19},"end":{"line":156,"column":26}},"85":{"start":{"line":157,"column":4},"end":{"line":157,"column":43}},"86":{"start":{"line":163,"column":9},"end":{"line":168,"column":null}},"87":{"start":{"line":163,"column":2},"end":{"line":163,"column":9}},"88":{"start":{"line":164,"column":4},"end":{"line":166,"column":7}},"89":{"start":{"line":165,"column":6},"end":{"line":165,"column":32}},"90":{"start":{"line":167,"column":4},"end":{"line":167,"column":36}},"91":{"start":{"line":169,"column":0},"end":{"line":169,"column":null}},"92":{"start":{"line":171,"column":0},"end":{"line":171,"column":29}}},"fnMap":{"0":{"name":"(anonymous_0)","decl":{"start":{"line":7,"column":0},"end":{"line":7,"column":null}},"loc":{"start":{"line":7,"column":0},"end":{"line":169,"column":null}}},"1":{"name":"AutoSaveInput","decl":{"start":{"line":23,"column":2},"end":{"line":23,"column":14}},"loc":{"start":{"line":23,"column":50},"end":{"line":34,"column":3}}},"2":{"name":"(anonymous_2)","decl":{"start":{"line":51,"column":31},"end":{"line":51,"column":32}},"loc":{"start":{"line":51,"column":44},"end":{"line":57,"column":3}}},"3":{"name":"(anonymous_3)","decl":{"start":{"line":63,"column":31},"end":{"line":63,"column":32}},"loc":{"start":{"line":63,"column":44},"end":{"line":78,"column":3}}},"4":{"name":"(anonymous_4)","decl":{"start":{"line":42,"column":2},"end":{"line":42,"column":10}},"loc":{"start":{"line":42,"column":34},"end":{"line":45,"column":3}}},"5":{"name":"(anonymous_5)","decl":{"start":{"line":86,"column":2},"end":{"line":86,"column":10}},"loc":{"start":{"line":86,"column":34},"end":{"line":102,"column":3}}},"6":{"name":"(anonymous_6)","decl":{"start":{"line":110,"column":2},"end":{"line":110,"column":9}},"loc":{"start":{"line":110,"column":50},"end":{"line":117,"column":3}}},"7":{"name":"(anonymous_7)","decl":{"start":{"line":125,"column":2},"end":{"line":125,"column":9}},"loc":{"start":{"line":125,"column":33},"end":{"line":138,"column":3}}},"8":{"name":"(anonymous_8)","decl":{"start":{"line":128,"column":25},"end":{"line":128,"column":26}},"loc":{"start":{"line":128,"column":40},"end":{"line":132,"column":5}}},"9":{"name":"(anonymous_9)","decl":{"start":{"line":145,"column":2},"end":{"line":145,"column":10}},"loc":{"start":{"line":145,"column":39},"end":{"line":148,"column":3}}},"10":{"name":"(anonymous_10)","decl":{"start":{"line":155,"column":2},"end":{"line":155,"column":10}},"loc":{"start":{"line":155,"column":41},"end":{"line":158,"column":3}}},"11":{"name":"(anonymous_11)","decl":{"start":{"line":163,"column":2},"end":{"line":163,"column":9}},"loc":{"start":{"line":163,"column":2},"end":{"line":168,"column":3}}},"12":{"name":"(anonymous_12)","decl":{"start":{"line":164,"column":25},"end":{"line":164,"column":26}},"loc":{"start":{"line":164,"column":40},"end":{"line":166,"column":5}}}},"branchMap":{"0":{"loc":{"start":{"line":23,"column":31},"end":{"line":23,"column":null}},"type":"if","locations":[{"start":{"line":23,"column":31},"end":{"line":23,"column":null}},{"start":{"line":23,"column":31},"end":{"line":23,"column":null}}]},"1":{"loc":{"start":{"line":52,"column":4},"end":{"line":56,"column":null}},"type":"if","locations":[{"start":{"line":52,"column":4},"end":{"line":56,"column":null}},{"start":{"line":52,"column":4},"end":{"line":56,"column":null}}]},"2":{"loc":{"start":{"line":65,"column":4},"end":{"line":70,"column":null}},"type":"if","locations":[{"start":{"line":65,"column":4},"end":{"line":70,"column":null}},{"start":{"line":65,"column":4},"end":{"line":70,"column":null}}]},"3":{"loc":{"start":{"line":66,"column":8},"end":{"line":66,"column":43}},"type":"binary-expr","locations":[{"start":{"line":66,"column":8},"end":{"line":66,"column":43}},{"start":{"line":67,"column":8},"end":{"line":67,"column":46}}]},"4":{"loc":{"start":{"line":74,"column":4},"end":{"line":74,"column":22}},"type":"if","locations":[{"start":{"line":74,"column":4},"end":{"line":74,"column":22}},{"start":{"line":74,"column":4},"end":{"line":74,"column":22}}]},"5":{"loc":{"start":{"line":76,"column":4},"end":{"line":76,"column":26}},"type":"if","locations":[{"start":{"line":76,"column":4},"end":{"line":76,"column":26}},{"start":{"line":76,"column":4},"end":{"line":76,"column":26}}]},"6":{"loc":{"start":{"line":26,"column":4},"end":{"line":26,"column":39}},"type":"if","locations":[{"start":{"line":26,"column":4},"end":{"line":26,"column":39}},{"start":{"line":26,"column":4},"end":{"line":26,"column":39}}]},"7":{"loc":{"start":{"line":27,"column":4},"end":{"line":29,"column":null}},"type":"if","locations":[{"start":{"line":27,"column":4},"end":{"line":29,"column":null}},{"start":{"line":27,"column":4},"end":{"line":29,"column":null}}]},"8":{"loc":{"start":{"line":30,"column":4},"end":{"line":33,"column":null}},"type":"if","locations":[{"start":{"line":30,"column":4},"end":{"line":33,"column":null}},{"start":{"line":30,"column":4},"end":{"line":33,"column":null}}]},"9":{"loc":{"start":{"line":30,"column":8},"end":{"line":30,"column":13}},"type":"binary-expr","locations":[{"start":{"line":30,"column":8},"end":{"line":30,"column":13}},{"start":{"line":30,"column":17},"end":{"line":30,"column":42}}]},"10":{"loc":{"start":{"line":43,"column":4},"end":{"line":43,"column":25}},"type":"if","locations":[{"start":{"line":43,"column":4},"end":{"line":43,"column":25}},{"start":{"line":43,"column":4},"end":{"line":43,"column":25}}]},"11":{"loc":{"start":{"line":88,"column":4},"end":{"line":88,"column":25}},"type":"if","locations":[{"start":{"line":88,"column":4},"end":{"line":88,"column":25}},{"start":{"line":88,"column":4},"end":{"line":88,"column":25}}]},"12":{"loc":{"start":{"line":90,"column":4},"end":{"line":90,"column":22}},"type":"if","locations":[{"start":{"line":90,"column":4},"end":{"line":90,"column":22}},{"start":{"line":90,"column":4},"end":{"line":90,"column":22}}]},"13":{"loc":{"start":{"line":92,"column":4},"end":{"line":92,"column":26}},"type":"if","locations":[{"start":{"line":92,"column":4},"end":{"line":92,"column":26}},{"start":{"line":92,"column":4},"end":{"line":92,"column":26}}]},"14":{"loc":{"start":{"line":94,"column":4},"end":{"line":101,"column":null}},"type":"if","locations":[{"start":{"line":94,"column":4},"end":{"line":101,"column":null}},{"start":{"line":94,"column":4},"end":{"line":101,"column":null}}]},"15":{"loc":{"start":{"line":94,"column":8},"end":{"line":94,"column":14}},"type":"binary-expr","locations":[{"start":{"line":94,"column":8},"end":{"line":94,"column":14}},{"start":{"line":94,"column":18},"end":{"line":94,"column":30}}]},"16":{"loc":{"start":{"line":95,"column":6},"end":{"line":97,"column":null}},"type":"if","locations":[{"start":{"line":95,"column":6},"end":{"line":97,"column":null}},{"start":{"line":95,"column":6},"end":{"line":97,"column":null}}]},"17":{"loc":{"start":{"line":98,"column":6},"end":{"line":100,"column":null}},"type":"if","locations":[{"start":{"line":98,"column":6},"end":{"line":100,"column":null}},{"start":{"line":98,"column":6},"end":{"line":100,"column":null}}]},"18":{"loc":{"start":{"line":110,"column":32},"end":{"line":110,"column":null}},"type":"if","locations":[{"start":{"line":110,"column":32},"end":{"line":110,"column":null}},{"start":{"line":110,"column":32},"end":{"line":110,"column":null}}]},"19":{"loc":{"start":{"line":111,"column":4},"end":{"line":111,"column":26}},"type":"if","locations":[{"start":{"line":111,"column":4},"end":{"line":111,"column":26}},{"start":{"line":111,"column":4},"end":{"line":111,"column":26}}]},"20":{"loc":{"start":{"line":113,"column":4},"end":{"line":113,"column":25}},"type":"if","locations":[{"start":{"line":113,"column":4},"end":{"line":113,"column":25}},{"start":{"line":113,"column":4},"end":{"line":113,"column":25}}]},"21":{"loc":{"start":{"line":126,"column":4},"end":{"line":126,"column":26}},"type":"if","locations":[{"start":{"line":126,"column":4},"end":{"line":126,"column":26}},{"start":{"line":126,"column":4},"end":{"line":126,"column":26}}]},"22":{"loc":{"start":{"line":129,"column":6},"end":{"line":131,"column":null}},"type":"if","locations":[{"start":{"line":129,"column":6},"end":{"line":131,"column":null}},{"start":{"line":129,"column":6},"end":{"line":131,"column":null}}]},"23":{"loc":{"start":{"line":133,"column":14},"end":{"line":133,"column":22}},"type":"binary-expr","locations":[{"start":{"line":133,"column":14},"end":{"line":133,"column":22}},{"start":{"line":133,"column":35},"end":{"line":133,"column":74}}]},"24":{"loc":{"start":{"line":134,"column":4},"end":{"line":134,"column":25}},"type":"if","locations":[{"start":{"line":134,"column":4},"end":{"line":134,"column":25}},{"start":{"line":134,"column":4},"end":{"line":134,"column":25}}]},"25":{"loc":{"start":{"line":146,"column":4},"end":{"line":146,"column":25}},"type":"if","locations":[{"start":{"line":146,"column":4},"end":{"line":146,"column":25}},{"start":{"line":146,"column":4},"end":{"line":146,"column":25}}]},"26":{"loc":{"start":{"line":156,"column":4},"end":{"line":156,"column":26}},"type":"if","locations":[{"start":{"line":156,"column":4},"end":{"line":156,"column":26}},{"start":{"line":156,"column":4},"end":{"line":156,"column":26}}]}},"s":{"0":0,"1":0,"2":0,"3":0,"4":0,"5":0,"6":0,"7":0,"8":0,"9":0,"10":0,"11":0,"12":0,"13":0,"14":0,"15":0,"16":0,"17":0,"18":0,"19":0,"20":0,"21":0,"22":0,"23":0,"24":0,"25":0,"26":0,"27":0,"28":0,"29":0,"30":0,"31":0,"32":0,"33":0,"34":0,"35":0,"36":0,"37":0,"38":0,"39":0,"40":0,"41":0,"42":0,"43":0,"44":0,"45":0,"46":0,"47":0,"48":0,"49":0,"50":0,"51":0,"52":0,"53":0,"54":0,"55":0,"56":0,"57":0,"58":0,"59":0,"60":0,"61":0,"62":0,"63":0,"64":0,"65":0,"66":0,"67":0,"68":0,"69":0,"70":0,"71":0,"72":0,"73":0,"74":0,"75":0,"76":0,"77":0,"78":0,"79":0,"80":0,"81":0,"82":0,"83":0,"84":0,"85":0,"86":0,"87":0,"88":0,"89":0,"90":0,"91":0,"92":0},"f":{"0":0,"1":0,"2":0,"3":0,"4":0,"5":0,"6":0,"7":0,"8":0,"9":0,"10":0,"11":0,"12":0},"b":{"0":[0,0],"1":[0,0],"2":[0,0],"3":[0,0],"4":[0,0],"5":[0,0],"6":[0,0],"7":[0,0],"8":[0,0],"9":[0,0],"10":[0,0],"11":[0,0],"12":[0,0],"13":[0,0],"14":[0,0],"15":[0,0],"16":[0,0],"17":[0,0],"18":[0,0],"19":[0,0],"20":[0,0],"21":[0,0],"22":[0,0],"23":[0,0],"24":[0,0],"25":[0,0],"26":[0,0]}}
,"/Users/JP22423/git/my/auto-save-input/src/main.ts": {"path":"/Users/JP22423/git/my/auto-save-input/src/main.ts","statementMap":{"0":{"start":{"line":2,"column":0},"end":{"line":2,"column":44}},"1":{"start":{"line":4,"column":1},"end":{"line":4,"column":71}}},"fnMap":{},"branchMap":{},"s":{"0":0,"1":0},"f":{},"b":{}}
,"/Users/JP22423/git/my/auto-save-input/src/services/storage.ts": {"path":"/Users/JP22423/git/my/auto-save-input/src/services/storage.ts","statementMap":{"0":{"start":{"line":2,"column":0},"end":{"line":2,"column":74}},"1":{"start":{"line":9,"column":20},"end":{"line":18,"column":1}},"2":{"start":{"line":10,"column":2},"end":{"line":17,"column":null}},"3":{"start":{"line":11,"column":16},"end":{"line":11,"column":34}},"4":{"start":{"line":12,"column":6},"end":{"line":12,"column":40}},"5":{"start":{"line":13,"column":6},"end":{"line":13,"column":40}},"6":{"start":{"line":14,"column":6},"end":{"line":14,"column":18}},"7":{"start":{"line":16,"column":6},"end":{"line":16,"column":19}},"8":{"start":{"line":20,"column":21},"end":{"line":20,"column":34}},"9":{"start":{"line":22,"column":0},"end":{"line":24,"column":null}},"10":{"start":{"line":23,"column":2},"end":{"line":23,"column":69}},"11":{"start":{"line":31,"column":15},"end":{"line":41,"column":1}},"12":{"start":{"line":32,"column":2},"end":{"line":32,"column":28}},"13":{"start":{"line":32,"column":21},"end":{"line":32,"column":28}},"14":{"start":{"line":34,"column":2},"end":{"line":38,"column":null}},"15":{"start":{"line":35,"column":4},"end":{"line":35,"column":50}},"16":{"start":{"line":37,"column":4},"end":{"line":37,"column":24}},"17":{"start":{"line":39,"column":2},"end":{"line":39,"column":22}},"18":{"start":{"line":39,"column":15},"end":{"line":39,"column":22}},"19":{"start":{"line":40,"column":2},"end":{"line":40,"column":43}},"20":{"start":{"line":48,"column":12},"end":{"line":51,"column":1}},"21":{"start":{"line":49,"column":2},"end":{"line":49,"column":28}},"22":{"start":{"line":49,"column":21},"end":{"line":49,"column":28}},"23":{"start":{"line":50,"column":2},"end":{"line":50,"column":38}},"24":{"start":{"line":59,"column":12},"end":{"line":74,"column":1}},"25":{"start":{"line":59,"column":58},"end":{"line":59,"column":null}},"26":{"start":{"line":60,"column":2},"end":{"line":60,"column":28}},"27":{"start":{"line":60,"column":21},"end":{"line":60,"column":28}},"28":{"start":{"line":61,"column":2},"end":{"line":61,"column":31}},"29":{"start":{"line":61,"column":24},"end":{"line":61,"column":31}},"30":{"start":{"line":62,"column":22},"end":{"line":62,"column":39}},"31":{"start":{"line":63,"column":2},"end":{"line":63,"column":55}},"32":{"start":{"line":64,"column":2},"end":{"line":66,"column":null}},"33":{"start":{"line":65,"column":4},"end":{"line":65,"column":37}},"34":{"start":{"line":67,"column":33},"end":{"line":67,"column":48}},"35":{"start":{"line":68,"column":12},"end":{"line":68,"column":44}},"36":{"start":{"line":69,"column":2},"end":{"line":73,"column":null}},"37":{"start":{"line":70,"column":4},"end":{"line":70,"column":95}},"38":{"start":{"line":72,"column":4},"end":{"line":72,"column":24}},"39":{"start":{"line":80,"column":20},"end":{"line":88,"column":1}},"40":{"start":{"line":81,"column":2},"end":{"line":81,"column":28}},"41":{"start":{"line":81,"column":21},"end":{"line":81,"column":28}},"42":{"start":{"line":82,"column":2},"end":{"line":82,"column":32}},"43":{"start":{"line":82,"column":25},"end":{"line":82,"column":32}},"44":{"start":{"line":83,"column":2},"end":{"line":87,"column":null}},"45":{"start":{"line":84,"column":4},"end":{"line":84,"column":70}},"46":{"start":{"line":86,"column":4},"end":{"line":86,"column":24}},"47":{"start":{"line":94,"column":15},"end":{"line":103,"column":1}},"48":{"start":{"line":95,"column":2},"end":{"line":95,"column":28}},"49":{"start":{"line":95,"column":21},"end":{"line":95,"column":28}},"50":{"start":{"line":96,"column":20},"end":{"line":96,"column":41}},"51":{"start":{"line":97,"column":2},"end":{"line":97,"column":24}},"52":{"start":{"line":98,"column":2},"end":{"line":102,"column":null}},"53":{"start":{"line":99,"column":4},"end":{"line":99,"column":75}},"54":{"start":{"line":101,"column":4},"end":{"line":101,"column":24}},"55":{"start":{"line":108,"column":18},"end":{"line":116,"column":1}},"56":{"start":{"line":109,"column":2},"end":{"line":109,"column":28}},"57":{"start":{"line":109,"column":21},"end":{"line":109,"column":28}},"58":{"start":{"line":110,"column":2},"end":{"line":110,"column":23}},"59":{"start":{"line":110,"column":16},"end":{"line":110,"column":23}},"60":{"start":{"line":111,"column":2},"end":{"line":115,"column":null}},"61":{"start":{"line":112,"column":4},"end":{"line":112,"column":44}},"62":{"start":{"line":114,"column":4},"end":{"line":114,"column":24}},"63":{"start":{"line":121,"column":24},"end":{"line":132,"column":1}},"64":{"start":{"line":122,"column":2},"end":{"line":122,"column":28}},"65":{"start":{"line":122,"column":21},"end":{"line":122,"column":28}},"66":{"start":{"line":123,"column":2},"end":{"line":123,"column":23}},"67":{"start":{"line":123,"column":16},"end":{"line":123,"column":23}},"68":{"start":{"line":124,"column":32},"end":{"line":124,"column":34}},"69":{"start":{"line":125,"column":20},"end":{"line":125,"column":41}},"70":{"start":{"line":126,"column":2},"end":{"line":130,"column":5}},"71":{"start":{"line":127,"column":12},"end":{"line":127,"column":18}},"72":{"start":{"line":128,"column":4},"end":{"line":128,"column":44}},"73":{"start":{"line":128,"column":37},"end":{"line":128,"column":44}},"74":{"start":{"line":129,"column":4},"end":{"line":129,"column":34}},"75":{"start":{"line":131,"column":2},"end":{"line":131,"column":32}},"76":{"start":{"line":134,"column":0},"end":{"line":141,"column":2}}},"fnMap":{"0":{"name":"(anonymous_0)","decl":{"start":{"line":9,"column":20},"end":{"line":9,"column":null}},"loc":{"start":{"line":9,"column":20},"end":{"line":18,"column":1}}},"1":{"name":"(anonymous_1)","decl":{"start":{"line":31,"column":15},"end":{"line":31,"column":16}},"loc":{"start":{"line":31,"column":31},"end":{"line":41,"column":1}}},"2":{"name":"(anonymous_2)","decl":{"start":{"line":48,"column":12},"end":{"line":48,"column":13}},"loc":{"start":{"line":48,"column":41},"end":{"line":51,"column":1}}},"3":{"name":"(anonymous_3)","decl":{"start":{"line":59,"column":12},"end":{"line":59,"column":13}},"loc":{"start":{"line":59,"column":76},"end":{"line":74,"column":1}}},"4":{"name":"(anonymous_4)","decl":{"start":{"line":80,"column":20},"end":{"line":80,"column":21}},"loc":{"start":{"line":80,"column":56},"end":{"line":88,"column":1}}},"5":{"name":"(anonymous_5)","decl":{"start":{"line":94,"column":15},"end":{"line":94,"column":16}},"loc":{"start":{"line":94,"column":44},"end":{"line":103,"column":1}}},"6":{"name":"(anonymous_6)","decl":{"start":{"line":108,"column":18},"end":{"line":108,"column":19}},"loc":{"start":{"line":108,"column":34},"end":{"line":116,"column":1}}},"7":{"name":"(anonymous_7)","decl":{"start":{"line":121,"column":24},"end":{"line":121,"column":25}},"loc":{"start":{"line":121,"column":40},"end":{"line":132,"column":1}}},"8":{"name":"(anonymous_8)","decl":{"start":{"line":126,"column":33},"end":{"line":126,"column":36}},"loc":{"start":{"line":126,"column":36},"end":{"line":130,"column":3}}}},"branchMap":{"0":{"loc":{"start":{"line":22,"column":0},"end":{"line":24,"column":null}},"type":"if","locations":[{"start":{"line":22,"column":0},"end":{"line":24,"column":null}},{"start":{"line":22,"column":0},"end":{"line":24,"column":null}}]},"1":{"loc":{"start":{"line":32,"column":2},"end":{"line":32,"column":28}},"type":"if","locations":[{"start":{"line":32,"column":2},"end":{"line":32,"column":28}},{"start":{"line":32,"column":2},"end":{"line":32,"column":28}}]},"2":{"loc":{"start":{"line":39,"column":2},"end":{"line":39,"column":22}},"type":"if","locations":[{"start":{"line":39,"column":2},"end":{"line":39,"column":22}},{"start":{"line":39,"column":2},"end":{"line":39,"column":22}}]},"3":{"loc":{"start":{"line":40,"column":27},"end":{"line":40,"column":33}},"type":"binary-expr","locations":[{"start":{"line":40,"column":27},"end":{"line":40,"column":33}},{"start":{"line":40,"column":37},"end":{"line":40,"column":41}}]},"4":{"loc":{"start":{"line":49,"column":2},"end":{"line":49,"column":28}},"type":"if","locations":[{"start":{"line":49,"column":2},"end":{"line":49,"column":28}},{"start":{"line":49,"column":2},"end":{"line":49,"column":28}}]},"5":{"loc":{"start":{"line":50,"column":10},"end":{"line":50,"column":25}},"type":"binary-expr","locations":[{"start":{"line":50,"column":10},"end":{"line":50,"column":25}},{"start":{"line":50,"column":29},"end":{"line":50,"column":31}}]},"6":{"loc":{"start":{"line":59,"column":58},"end":{"line":59,"column":null}},"type":"if","locations":[{"start":{"line":59,"column":58},"end":{"line":59,"column":null}},{"start":{"line":59,"column":58},"end":{"line":59,"column":null}}]},"7":{"loc":{"start":{"line":60,"column":2},"end":{"line":60,"column":28}},"type":"if","locations":[{"start":{"line":60,"column":2},"end":{"line":60,"column":28}},{"start":{"line":60,"column":2},"end":{"line":60,"column":28}}]},"8":{"loc":{"start":{"line":61,"column":2},"end":{"line":61,"column":31}},"type":"if","locations":[{"start":{"line":61,"column":2},"end":{"line":61,"column":31}},{"start":{"line":61,"column":2},"end":{"line":61,"column":31}}]},"9":{"loc":{"start":{"line":61,"column":6},"end":{"line":61,"column":14}},"type":"binary-expr","locations":[{"start":{"line":61,"column":6},"end":{"line":61,"column":14}},{"start":{"line":61,"column":18},"end":{"line":61,"column":22}}]},"10":{"loc":{"start":{"line":63,"column":11},"end":{"line":63,"column":22}},"type":"binary-expr","locations":[{"start":{"line":63,"column":11},"end":{"line":63,"column":22}},{"start":{"line":63,"column":26},"end":{"line":63,"column":44}},{"start":{"line":63,"column":48},"end":{"line":63,"column":54}}]},"11":{"loc":{"start":{"line":64,"column":2},"end":{"line":66,"column":null}},"type":"if","locations":[{"start":{"line":64,"column":2},"end":{"line":66,"column":null}},{"start":{"line":64,"column":2},"end":{"line":66,"column":null}}]},"12":{"loc":{"start":{"line":81,"column":2},"end":{"line":81,"column":28}},"type":"if","locations":[{"start":{"line":81,"column":2},"end":{"line":81,"column":28}},{"start":{"line":81,"column":2},"end":{"line":81,"column":28}}]},"13":{"loc":{"start":{"line":82,"column":2},"end":{"line":82,"column":32}},"type":"if","locations":[{"start":{"line":82,"column":2},"end":{"line":82,"column":32}},{"start":{"line":82,"column":2},"end":{"line":82,"column":32}}]},"14":{"loc":{"start":{"line":82,"column":6},"end":{"line":82,"column":14}},"type":"binary-expr","locations":[{"start":{"line":82,"column":6},"end":{"line":82,"column":14}},{"start":{"line":82,"column":18},"end":{"line":82,"column":23}}]},"15":{"loc":{"start":{"line":95,"column":2},"end":{"line":95,"column":28}},"type":"if","locations":[{"start":{"line":95,"column":2},"end":{"line":95,"column":28}},{"start":{"line":95,"column":2},"end":{"line":95,"column":28}}]},"16":{"loc":{"start":{"line":96,"column":20},"end":{"line":96,"column":35}},"type":"binary-expr","locations":[{"start":{"line":96,"column":20},"end":{"line":96,"column":35}},{"start":{"line":96,"column":39},"end":{"line":96,"column":41}}]},"17":{"loc":{"start":{"line":109,"column":2},"end":{"line":109,"column":28}},"type":"if","locations":[{"start":{"line":109,"column":2},"end":{"line":109,"column":28}},{"start":{"line":109,"column":2},"end":{"line":109,"column":28}}]},"18":{"loc":{"start":{"line":110,"column":2},"end":{"line":110,"column":23}},"type":"if","locations":[{"start":{"line":110,"column":2},"end":{"line":110,"column":23}},{"start":{"line":110,"column":2},"end":{"line":110,"column":23}}]},"19":{"loc":{"start":{"line":122,"column":2},"end":{"line":122,"column":28}},"type":"if","locations":[{"start":{"line":122,"column":2},"end":{"line":122,"column":28}},{"start":{"line":122,"column":2},"end":{"line":122,"column":28}}]},"20":{"loc":{"start":{"line":123,"column":2},"end":{"line":123,"column":23}},"type":"if","locations":[{"start":{"line":123,"column":2},"end":{"line":123,"column":23}},{"start":{"line":123,"column":2},"end":{"line":123,"column":23}}]},"21":{"loc":{"start":{"line":125,"column":20},"end":{"line":125,"column":35}},"type":"binary-expr","locations":[{"start":{"line":125,"column":20},"end":{"line":125,"column":35}},{"start":{"line":125,"column":39},"end":{"line":125,"column":41}}]},"22":{"loc":{"start":{"line":128,"column":4},"end":{"line":128,"column":44}},"type":"if","locations":[{"start":{"line":128,"column":4},"end":{"line":128,"column":44}},{"start":{"line":128,"column":4},"end":{"line":128,"column":44}}]}},"s":{"0":0,"1":0,"2":0,"3":0,"4":0,"5":0,"6":0,"7":0,"8":0,"9":0,"10":0,"11":0,"12":0,"13":0,"14":0,"15":0,"16":0,"17":0,"18":0,"19":0,"20":0,"21":0,"22":0,"23":0,"24":0,"25":0,"26":0,"27":0,"28":0,"29":0,"30":0,"31":0,"32":0,"33":0,"34":0,"35":0,"36":0,"37":0,"38":0,"39":0,"40":0,"41":0,"42":0,"43":0,"44":0,"45":0,"46":0,"47":0,"48":0,"49":0,"50":0,"51":0,"52":0,"53":0,"54":0,"55":0,"56":0,"57":0,"58":0,"59":0,"60":0,"61":0,"62":0,"63":0,"64":0,"65":0,"66":0,"67":0,"68":0,"69":0,"70":0,"71":0,"72":0,"73":0,"74":0,"75":0,"76":0},"f":{"0":0,"1":0,"2":0,"3":0,"4":0,"5":0,"6":0,"7":0,"8":0},"b":{"0":[0,0],"1":[0,0],"2":[0,0],"3":[0,0],"4":[0,0],"5":[0,0],"6":[0,0],"7":[0,0],"8":[0,0],"9":[0,0],"10":[0,0,0],"11":[0,0],"12":[0,0],"13":[0,0],"14":[0,0],"15":[0,0],"16":[0,0],"17":[0,0],"18":[0,0],"19":[0,0],"20":[0,0],"21":[0,0],"22":[0,0]}}
,"/Users/JP22423/git/my/auto-save-input/src/services/throttle.ts": {"path":"/Users/JP22423/git/my/auto-save-input/src/services/throttle.ts","statementMap":{"0":{"start":{"line":10,"column":0},"end":{"line":39,"column":null}},"1":{"start":{"line":10,"column":46},"end":{"line":10,"column":null}},"2":{"start":{"line":13,"column":18},"end":{"line":13,"column":22}},"3":{"start":{"line":14,"column":17},"end":{"line":14,"column":18}},"4":{"start":{"line":15,"column":16},"end":{"line":20,"column":3}},"5":{"start":{"line":16,"column":4},"end":{"line":16,"column":49}},"6":{"start":{"line":17,"column":4},"end":{"line":17,"column":19}},"7":{"start":{"line":18,"column":4},"end":{"line":18,"column":26}},"8":{"start":{"line":19,"column":4},"end":{"line":19,"column":30}},"9":{"start":{"line":19,"column":18},"end":{"line":19,"column":30}},"10":{"start":{"line":21,"column":2},"end":{"line":38,"column":4}},"11":{"start":{"line":21,"column":10},"end":{"line":21,"column":23}},"12":{"start":{"line":22,"column":16},"end":{"line":22,"column":26}},"13":{"start":{"line":23,"column":4},"end":{"line":23,"column":54}},"14":{"start":{"line":23,"column":39},"end":{"line":23,"column":54}},"15":{"start":{"line":24,"column":22},"end":{"line":24,"column":46}},"16":{"start":{"line":25,"column":4},"end":{"line":25,"column":17}},"17":{"start":{"line":26,"column":4},"end":{"line":36,"column":null}},"18":{"start":{"line":27,"column":6},"end":{"line":30,"column":null}},"19":{"start":{"line":28,"column":8},"end":{"line":28,"column":30}},"20":{"start":{"line":29,"column":8},"end":{"line":29,"column":23}},"21":{"start":{"line":31,"column":6},"end":{"line":31,"column":21}},"22":{"start":{"line":32,"column":6},"end":{"line":32,"column":28}},"23":{"start":{"line":33,"column":6},"end":{"line":33,"column":32}},"24":{"start":{"line":33,"column":20},"end":{"line":33,"column":32}},"25":{"start":{"line":34,"column":11},"end":{"line":36,"column":null}},"26":{"start":{"line":35,"column":6},"end":{"line":35,"column":45}},"27":{"start":{"line":37,"column":4},"end":{"line":37,"column":18}}},"fnMap":{"0":{"name":"(anonymous_0)","decl":{"start":{"line":10,"column":15},"end":{"line":10,"column":16}},"loc":{"start":{"line":10,"column":87},"end":{"line":39,"column":1}}},"1":{"name":"(anonymous_1)","decl":{"start":{"line":15,"column":16},"end":{"line":15,"column":null}},"loc":{"start":{"line":15,"column":16},"end":{"line":20,"column":3}}},"2":{"name":"(anonymous_2)","decl":{"start":{"line":21,"column":9},"end":{"line":21,"column":10}},"loc":{"start":{"line":21,"column":9},"end":{"line":38,"column":3}}}},"branchMap":{"0":{"loc":{"start":{"line":10,"column":46},"end":{"line":10,"column":null}},"type":"if","locations":[{"start":{"line":10,"column":46},"end":{"line":10,"column":null}},{"start":{"line":10,"column":46},"end":{"line":10,"column":null}}]},"1":{"loc":{"start":{"line":16,"column":34},"end":{"line":16,"column":35}},"type":"cond-expr","locations":[{"start":{"line":16,"column":34},"end":{"line":16,"column":35}},{"start":{"line":16,"column":38},"end":{"line":16,"column":48}}]},"2":{"loc":{"start":{"line":19,"column":4},"end":{"line":19,"column":30}},"type":"if","locations":[{"start":{"line":19,"column":4},"end":{"line":19,"column":30}},{"start":{"line":19,"column":4},"end":{"line":19,"column":30}}]},"3":{"loc":{"start":{"line":23,"column":4},"end":{"line":23,"column":54}},"type":"if","locations":[{"start":{"line":23,"column":4},"end":{"line":23,"column":54}},{"start":{"line":23,"column":4},"end":{"line":23,"column":54}}]},"4":{"loc":{"start":{"line":23,"column":8},"end":{"line":23,"column":17}},"type":"binary-expr","locations":[{"start":{"line":23,"column":8},"end":{"line":23,"column":17}},{"start":{"line":23,"column":21},"end":{"line":23,"column":37}}]},"5":{"loc":{"start":{"line":26,"column":4},"end":{"line":36,"column":null}},"type":"if","locations":[{"start":{"line":26,"column":4},"end":{"line":36,"column":null}},{"start":{"line":26,"column":4},"end":{"line":36,"column":null}}]},"6":{"loc":{"start":{"line":26,"column":8},"end":{"line":26,"column":22}},"type":"binary-expr","locations":[{"start":{"line":26,"column":8},"end":{"line":26,"column":22}},{"start":{"line":26,"column":26},"end":{"line":26,"column":43}}]},"7":{"loc":{"start":{"line":27,"column":6},"end":{"line":30,"column":null}},"type":"if","locations":[{"start":{"line":27,"column":6},"end":{"line":30,"column":null}},{"start":{"line":27,"column":6},"end":{"line":30,"column":null}}]},"8":{"loc":{"start":{"line":33,"column":6},"end":{"line":33,"column":32}},"type":"if","locations":[{"start":{"line":33,"column":6},"end":{"line":33,"column":32}},{"start":{"line":33,"column":6},"end":{"line":33,"column":32}}]},"9":{"loc":{"start":{"line":34,"column":11},"end":{"line":36,"column":null}},"type":"if","locations":[{"start":{"line":34,"column":11},"end":{"line":36,"column":null}},{"start":{"line":34,"column":11},"end":{"line":36,"column":null}}]},"10":{"loc":{"start":{"line":34,"column":15},"end":{"line":34,"column":23}},"type":"binary-expr","locations":[{"start":{"line":34,"column":15},"end":{"line":34,"column":23}},{"start":{"line":34,"column":27},"end":{"line":34,"column":43}}]}},"s":{"0":0,"1":0,"2":0,"3":0,"4":0,"5":0,"6":0,"7":0,"8":0,"9":0,"10":0,"11":0,"12":0,"13":0,"14":0,"15":0,"16":0,"17":0,"18":0,"19":0,"20":0,"21":0,"22":0,"23":0,"24":0,"25":0,"26":0,"27":0},"f":{"0":0,"1":0,"2":0},"b":{"0":[0,0],"1":[0,0],"2":[0,0],"3":[0,0],"4":[0,0],"5":[0,0],"6":[0,0],"7":[0,0],"8":[0,0],"9":[0,0],"10":[0,0]}}
,"/Users/JP22423/git/my/auto-save-input/src/services/time.ts": {"path":"/Users/JP22423/git/my/auto-save-input/src/services/time.ts","statementMap":{"0":{"start":{"line":5,"column":13},"end":{"line":7,"column":2}},"1":{"start":{"line":6,"column":2},"end":{"line":6,"column":50}},"2":{"start":{"line":13,"column":13},"end":{"line":15,"column":2}},"3":{"start":{"line":14,"column":2},"end":{"line":14,"column":43}},"4":{"start":{"line":17,"column":0},"end":{"line":17,"column":59}}},"fnMap":{"0":{"name":"(anonymous_0)","decl":{"start":{"line":5,"column":32},"end":{"line":5,"column":null}},"loc":{"start":{"line":5,"column":32},"end":{"line":7,"column":1}}},"1":{"name":"(anonymous_1)","decl":{"start":{"line":13,"column":37},"end":{"line":13,"column":null}},"loc":{"start":{"line":13,"column":37},"end":{"line":15,"column":1}}}},"branchMap":{},"s":{"0":1,"1":2,"2":1,"3":1,"4":1},"f":{"0":2,"1":1},"b":{}}
}
